<?xml version="1.0" encoding="UTF-8" standalone="no"?>
<!DOCTYPE log SYSTEM "logger.dtd">
<log>
<record>
  <date>2023-12-13T14:40:18.854419884Z</date>
  <millis>1702478418854</millis>
  <nanos>419884</nanos>
  <sequence>0</sequence>
  <logger>javafx</logger>
  <level>WARNING</level>
  <class>com.sun.javafx.application.PlatformImpl</class>
  <method>startup</method>
  <thread>77</thread>
  <message>Unsupported JavaFX configuration: classes were loaded from 'unnamed module @7a903aee'</message>
</record>
<record>
  <date>2023-12-13T14:40:19.300273697Z</date>
  <millis>1702478419300</millis>
  <nanos>273697</nanos>
  <sequence>1</sequence>
  <logger>javafx</logger>
  <level>WARNING</level>
  <class>javafx.fxml.FXMLLoader$ValueElement</class>
  <method>processValue</method>
  <thread>81</thread>
  <message>Loading FXML document with JavaFX API of version 21.0.1 by JavaFX runtime of version 17.0.7</message>
</record>
</log>
